<?xml version="1.0" encoding="UTF-8"?>
<!-- Generated by org.testng.reporters.JUnitReportReporter -->
<testsuite hostname="LTIN437466" failures="0" tests="4" name="testCase.TC_001_NearBy_Hospetial" time="47.735" errors="0" timestamp="2024-11-10T19:31:16 IST" skipped="0">
  <testcase classname="testCase.TC_001_NearBy_Hospetial" name="validationgPagePractoPage" time="0.022"/>
  <system-out/>
  <testcase classname="testCase.TC_001_NearBy_Hospetial" name="SearchAllHospetial" time="7.153"/>
  <system-out/>
  <testcase classname="testCase.TC_001_NearBy_Hospetial" name="SelectLocation" time="0.836"/>
  <system-out/>
  <testcase classname="testCase.TC_001_NearBy_Hospetial" name="getHospetialListWithGivenFecilities" time="39.724"/>
  <system-out/>
</testsuite> <!-- testCase.TC_001_NearBy_Hospetial -->
