<?xml version="1.0" encoding="UTF-8"?>
<!-- Generated by org.testng.reporters.JUnitReportReporter -->
<testsuite hostname="LTIN437466" failures="0" tests="2" name="testCase.TC_003_WellnessCare" time="31.013" errors="0" timestamp="2024-11-10T19:31:16 IST" skipped="0">
  <testcase classname="testCase.TC_003_WellnessCare" name="validateWellnessPage" time="1.970"/>
  <system-out/>
  <testcase classname="testCase.TC_003_WellnessCare" name="ScheduleDmo" time="29.043"/>
  <system-out/>
</testsuite> <!-- testCase.TC_003_WellnessCare -->
